2020-06-03 18:36:35,956 ERROR: Exception on /index [GET] [in /home/joker/Programming_Projects/flask-practices/microblog/microblog-venv/lib/python3.8/site-packages/flask/app.py:1891]
Traceback (most recent call last):
  File "/home/joker/Programming_Projects/flask-practices/microblog/microblog-venv/lib/python3.8/site-packages/flask/app.py", line 2447, in wsgi_app
    response = self.full_dispatch_request()
  File "/home/joker/Programming_Projects/flask-practices/microblog/microblog-venv/lib/python3.8/site-packages/flask/app.py", line 1952, in full_dispatch_request
    rv = self.handle_user_exception(e)
  File "/home/joker/Programming_Projects/flask-practices/microblog/microblog-venv/lib/python3.8/site-packages/flask/app.py", line 1821, in handle_user_exception
    reraise(exc_type, exc_value, tb)
  File "/home/joker/Programming_Projects/flask-practices/microblog/microblog-venv/lib/python3.8/site-packages/flask/_compat.py", line 39, in reraise
    raise value
  File "/home/joker/Programming_Projects/flask-practices/microblog/microblog-venv/lib/python3.8/site-packages/flask/app.py", line 1950, in full_dispatch_request
    rv = self.dispatch_request()
  File "/home/joker/Programming_Projects/flask-practices/microblog/microblog-venv/lib/python3.8/site-packages/flask/app.py", line 1936, in dispatch_request
    return self.view_functions[rule.endpoint](**req.view_args)
  File "/home/joker/Programming_Projects/flask-practices/microblog/microblog-venv/lib/python3.8/site-packages/flask_login/utils.py", line 272, in decorated_view
    return func(*args, **kwargs)
  File "/home/joker/Programming_Projects/flask-practices/microblog/app/routes.py", line 30, in index
    return render_template('index.html', title='Home', form=form,
  File "/home/joker/Programming_Projects/flask-practices/microblog/microblog-venv/lib/python3.8/site-packages/flask/templating.py", line 137, in render_template
    return _render(
  File "/home/joker/Programming_Projects/flask-practices/microblog/microblog-venv/lib/python3.8/site-packages/flask/templating.py", line 120, in _render
    rv = template.render(context)
  File "/home/joker/Programming_Projects/flask-practices/microblog/microblog-venv/lib/python3.8/site-packages/jinja2/environment.py", line 1090, in render
    self.environment.handle_exception()
  File "/home/joker/Programming_Projects/flask-practices/microblog/microblog-venv/lib/python3.8/site-packages/jinja2/environment.py", line 832, in handle_exception
    reraise(*rewrite_traceback_stack(source=source))
  File "/home/joker/Programming_Projects/flask-practices/microblog/microblog-venv/lib/python3.8/site-packages/jinja2/_compat.py", line 28, in reraise
    raise value.with_traceback(tb)
  File "/home/joker/Programming_Projects/flask-practices/microblog/app/templates/index.html", line 2, in top-level template code
    {% import 'bootstrap/wtf.html' as wtf %}
  File "/home/joker/Programming_Projects/flask-practices/microblog/app/templates/layout.html", line 1, in top-level template code
    {% extends 'bootstrap/base.html' %}
  File "/home/joker/Programming_Projects/flask-practices/microblog/microblog-venv/lib/python3.8/site-packages/flask_bootstrap/templates/bootstrap/base.html", line 1, in top-level template code
    {% block doc -%}
  File "/home/joker/Programming_Projects/flask-practices/microblog/microblog-venv/lib/python3.8/site-packages/flask_bootstrap/templates/bootstrap/base.html", line 4, in block "doc"
    {%- block html %}
  File "/home/joker/Programming_Projects/flask-practices/microblog/microblog-venv/lib/python3.8/site-packages/flask_bootstrap/templates/bootstrap/base.html", line 20, in block "html"
    {% block body -%}
  File "/home/joker/Programming_Projects/flask-practices/microblog/microblog-venv/lib/python3.8/site-packages/flask_bootstrap/templates/bootstrap/base.html", line 23, in block "body"
    {% block content -%}
  File "/home/joker/Programming_Projects/flask-practices/microblog/app/templates/layout.html", line 52, in block "content"
    {% block app_content %}{% endblock %}
  File "/home/joker/Programming_Projects/flask-practices/microblog/app/templates/index.html", line 11, in block "app_content"
    {% include '_post.html' %}
  File "/home/joker/Programming_Projects/flask-practices/microblog/app/templates/_post.html", line 12, in top-level template code
    said {{ moment(post.timestamp).fromNoew() }}:
jinja2.exceptions.UndefinedError: 'flask_moment._moment object' has no attribute 'fromNoew'
2020-06-03 18:36:46,024 INFO: Microblog startup [in /home/joker/Programming_Projects/flask-practices/microblog/app/__init__.py:53]
